MODULE gigamax
INPUT STATE_VAR_ASSOCIATE_CURR_NEXT_INTERLEAVE
         v0,         v1,         v2,         v3,         v4,
           v5,         v6,         v7,         v8,         v9,
          v10,        v11,        v12,        v13,        v14,
          v15,        v16,        v17,        v18,        v19,
          v20,        v21,        v22,        v23,        v24,
          v25,        v26,        v27,        v28,        v29,
          v30,        v31,        v32,        v33,        v34,
          v35,        v36,        v37,        v38,        v39,
          v40,        v41,        v42,        v43,        v44,
          v45,        v46,        v47,        v48,        v49,
          v50,        v51,        v52,        v53,        v54,
          v55,        v56,        v57,        v58,        v59,
          v60,        v61,        v62,        v63,        v64,
          v65,        v66,        v67,        v68,        v69,
          v70,        v71,        v72,        v73,        v74,
          v75,        v76,        v77,        v78,        v79,
          v80,        v81,        v82,        v83,        v84,
          v85,        v86,        v87;
OUTPUT
       lv_734,     lv_736,     lv_737,     lv_739,     lv_740,
       lv_742,     lv_743,     lv_745,     lv_746,     lv_748,
       lv_749,     lv_751,     lv_752,     lv_754,     lv_755,
       lv_757,     lv_758,     lv_760,     lv_761,     lv_763,
       lv_764,     lv_765,     lv_766,     lv_767,     lv_768,
       lv_769,     lv_771,     lv_772,     lv_773,     lv_775,
       lv_776,     lv_777,     lv_778,     lv_779,     lv_780,
       lv_781,     lv_782,     lv_783,     lv_786,     lv_787,
       lv_788,     lv_791,     lv_792,     lv_793,     lv_794,
       lv_795,     lv_797,     lv_798,     lv_800,     lv_801,
       lv_803,     lv_805,     lv_806,     lv_807,     lv_810,
       lv_814,     lv_815,     lv_818,     lv_821,     lv_833,
       lv_834,     lv_854,     lv_857,     lv_858,     lv_874,
      lv_1024,    lv_1098,    lv_1112;
STRUCTURE
   trace_verbose_print("START OF COMMENT");
   trace_verbose_print("this is sample-trace from free software called bdd-trace-driver-0.9 (Bwolen Yang)");
   trace_verbose_print("original file has been obtained from http://www.cs.cmu.edu/~bwolen/software/");
   trace_verbose_print("original file uses strange ordering of arguments to function exists()");
   trace_verbose_print("we have changed the role of arguments to function exists() and recalculated the resulting BDDs sizes");
   trace_verbose_print("robert.meolic@um.si, 2015");
   trace_verbose_print("END OF COMMENT");
   false = new_int_leaf(0);   % 1
   true = new_int_leaf(1);   % 1
   trace_verbose_print("Registering quantifiers (curr/next vars)");
   trace_verbose_print("  Reconstruction 0...");
   lv_1 = ite(v86, true, false);   % 3
   lv_2 = ite(v84, lv_1, false);   % 4
   lv_3 = ite(v82, lv_2, false);   % 5
   lv_4 = ite(v80, lv_3, false);   % 6
   lv_5 = ite(v78, lv_4, false);   % 7
   lv_6 = ite(v76, lv_5, false);   % 8
   lv_7 = ite(v74, lv_6, false);   % 9
   lv_8 = ite(v72, lv_7, false);   % 10
   lv_9 = ite(v70, lv_8, false);   % 11
   lv_10 = ite(v68, lv_9, false);   % 12
   lv_11 = ite(v66, lv_10, false);   % 13
   lv_12 = ite(v64, lv_11, false);   % 14
   lv_13 = ite(v62, lv_12, false);   % 15
   lv_14 = ite(v60, lv_13, false);   % 16
   lv_15 = ite(v58, lv_14, false);   % 17
   lv_16 = ite(v56, lv_15, false);   % 18
   lv_17 = ite(v54, lv_16, false);   % 19
   lv_18 = ite(v52, lv_17, false);   % 20
   lv_19 = ite(v50, lv_18, false);   % 21
   lv_20 = ite(v48, lv_19, false);   % 22
   lv_21 = ite(v46, lv_20, false);   % 23
   lv_22 = ite(v44, lv_21, false);   % 24
   lv_23 = ite(v42, lv_22, false);   % 25
   lv_24 = ite(v40, lv_23, false);   % 26
   lv_25 = ite(v38, lv_24, false);   % 27
   lv_26 = ite(v36, lv_25, false);   % 28
   lv_27 = ite(v34, lv_26, false);   % 29
   lv_28 = ite(v32, lv_27, false);   % 30
   lv_29 = ite(v30, lv_28, false);   % 31
   lv_30 = ite(v28, lv_29, false);   % 32
   lv_31 = ite(v26, lv_30, false);   % 33
   lv_32 = ite(v24, lv_31, false);   % 34
   lv_33 = ite(v22, lv_32, false);   % 35
   lv_34 = ite(v20, lv_33, false);   % 36
   lv_35 = ite(v18, lv_34, false);   % 37
   lv_36 = ite(v16, lv_35, false);   % 38
   lv_37 = ite(v14, lv_36, false);   % 39
   lv_38 = ite(v12, lv_37, false);   % 40
   lv_39 = ite(v10, lv_38, false);   % 41
   lv_40 = ite(v8, lv_39, false);   % 42
   lv_41 = ite(v6, lv_40, false);   % 43
   lv_42 = ite(v4, lv_41, false);   % 44
   lv_43 = ite(v2, lv_42, false);   % 45
   lv_44 = ite(v0, lv_43, false);   % 46
   trace_verbose_print("  Done reconstruction 0.");
   trace_verbose_print("  Reconstruction 1...");
   lv_45 = ite(v87, true, false);   % 3
   lv_46 = ite(v85, lv_45, false);   % 4
   lv_47 = ite(v83, lv_46, false);   % 5
   lv_48 = ite(v81, lv_47, false);   % 6
   lv_49 = ite(v79, lv_48, false);   % 7
   lv_50 = ite(v77, lv_49, false);   % 8
   lv_51 = ite(v75, lv_50, false);   % 9
   lv_52 = ite(v73, lv_51, false);   % 10
   lv_53 = ite(v71, lv_52, false);   % 11
   lv_54 = ite(v69, lv_53, false);   % 12
   lv_55 = ite(v67, lv_54, false);   % 13
   lv_56 = ite(v65, lv_55, false);   % 14
   lv_57 = ite(v63, lv_56, false);   % 15
   lv_58 = ite(v61, lv_57, false);   % 16
   lv_59 = ite(v59, lv_58, false);   % 17
   lv_60 = ite(v57, lv_59, false);   % 18
   lv_61 = ite(v55, lv_60, false);   % 19
   lv_62 = ite(v53, lv_61, false);   % 20
   lv_63 = ite(v51, lv_62, false);   % 21
   lv_64 = ite(v49, lv_63, false);   % 22
   lv_65 = ite(v47, lv_64, false);   % 23
   lv_66 = ite(v45, lv_65, false);   % 24
   lv_67 = ite(v43, lv_66, false);   % 25
   lv_68 = ite(v41, lv_67, false);   % 26
   lv_69 = ite(v39, lv_68, false);   % 27
   lv_70 = ite(v37, lv_69, false);   % 28
   lv_71 = ite(v35, lv_70, false);   % 29
   lv_72 = ite(v33, lv_71, false);   % 30
   lv_73 = ite(v31, lv_72, false);   % 31
   lv_74 = ite(v29, lv_73, false);   % 32
   lv_75 = ite(v27, lv_74, false);   % 33
   lv_76 = ite(v25, lv_75, false);   % 34
   lv_77 = ite(v23, lv_76, false);   % 35
   lv_78 = ite(v21, lv_77, false);   % 36
   lv_79 = ite(v19, lv_78, false);   % 37
   lv_80 = ite(v17, lv_79, false);   % 38
   lv_81 = ite(v15, lv_80, false);   % 39
   lv_82 = ite(v13, lv_81, false);   % 40
   lv_83 = ite(v11, lv_82, false);   % 41
   lv_84 = ite(v9, lv_83, false);   % 42
   lv_85 = ite(v7, lv_84, false);   % 43
   lv_86 = ite(v5, lv_85, false);   % 44
   lv_87 = ite(v3, lv_86, false);   % 45
   lv_88 = ite(v1, lv_87, false);   % 46
   trace_verbose_print("  Done reconstruction 1.");
   trace_verbose_print("Registering the INIT function.");
   trace_verbose_print("  Reconstruction 2...");
   lv_89 = ite(v84, false, true);   % 3
   lv_90 = ite(v70, false, lv_89);   % 4
   lv_91 = ite(v66, false, lv_90);   % 5
   lv_92 = ite(v62, false, lv_91);   % 6
   lv_93 = ite(v48, false, lv_92);   % 7
   lv_94 = ite(v44, false, lv_93);   % 8
   lv_95 = ite(v40, false, lv_94);   % 9
   lv_96 = ite(v26, false, lv_95);   % 10
   lv_97 = ite(v22, false, lv_96);   % 11
   lv_98 = ite(v18, false, lv_97);   % 12
   trace_verbose_print("  Done reconstruction 2.");
   trace_verbose_print("Registering Transition Function");
   trace_verbose_print("  Reconstruction 3...");
   lv_99 = ite(v86, false, true);   % 3
   lv_100 = ite(v85, lv_99, lv_1);   % 5
   lv_101 = ite(v85, true, false);   % 3
   lv_102 = ite(v84, lv_101, lv_100);   % 7
   lv_103 = ite(v85, false, true);   % 3
   lv_104 = ite(v84, lv_101, lv_103);   % 5
   lv_105 = ite(v74, lv_104, lv_102);   % 10
   lv_106 = ite(v68, lv_104, lv_105);   % 11
   lv_107 = ite(v66, lv_106, lv_105);   % 12
   lv_108 = ite(v64, lv_104, lv_107);   % 13
   lv_109 = ite(v62, lv_104, lv_108);   % 14
   lv_110 = ite(v64, lv_104, lv_105);   % 11
   lv_111 = ite(v52, lv_110, lv_109);   % 16
   lv_112 = ite(v46, lv_104, lv_111);   % 17
   lv_113 = ite(v44, lv_112, lv_111);   % 18
   lv_114 = ite(v42, lv_104, lv_113);   % 19
   lv_115 = ite(v40, lv_104, lv_114);   % 20
   lv_116 = ite(v42, lv_104, lv_111);   % 17
   lv_117 = ite(v30, lv_116, lv_115);   % 22
   lv_118 = ite(v24, lv_104, lv_117);   % 23
   lv_119 = ite(v22, lv_118, lv_117);   % 24
   lv_120 = ite(v20, lv_104, lv_119);   % 25
   lv_121 = ite(v18, lv_104, lv_120);   % 26
   lv_122 = ite(v20, lv_104, lv_117);   % 23
   lv_123 = ite(v8, lv_122, lv_121);   % 28
   lv_124 = ite(v6, lv_104, lv_123);   % 29
   lv_125 = ite(v4, lv_104, lv_124);   % 30
   lv_126 = ite(v85, lv_1, lv_99);   % 5
   lv_127 = ite(v84, lv_126, lv_103);   % 7
   lv_128 = ite(v74, lv_127, lv_104);   % 10
   lv_129 = ite(v64, lv_104, lv_128);   % 11
   lv_130 = ite(v42, lv_104, lv_129);   % 12
   lv_131 = ite(v20, lv_104, lv_130);   % 13
   lv_132 = ite(v6, lv_131, lv_104);   % 14
   lv_133 = ite(v4, lv_132, lv_104);   % 15
   lv_134 = ite(v2, lv_133, lv_125);   % 39
   lv_135 = ite(v0, lv_134, lv_123);   % 40
   trace_verbose_print("  Done reconstruction 3.");
   trace_verbose_print("Registering Transition Function");
   trace_verbose_print("  Reconstruction 4...");
   lv_136 = ite(v67, false, true);   % 3
   lv_137 = ite(v68, false, lv_99);   % 4
   lv_138 = ite(v69, false, true);   % 3
   lv_139 = ite(v69, true, false);   % 3
   lv_140 = ite(v68, lv_139, lv_138);   % 5
   lv_141 = ite(v67, lv_140, lv_137);   % 8
   lv_142 = ite(v66, lv_141, lv_136);   % 10
   lv_143 = ite(v67, lv_140, false);   % 6
   lv_144 = ite(v66, lv_143, lv_136);   % 8
   lv_145 = ite(v64, lv_144, lv_142);   % 13
   lv_146 = ite(v62, lv_144, lv_145);   % 14
   lv_147 = ite(v69, false, lv_99);   % 4
   lv_148 = ite(v67, lv_147, lv_1);   % 6
   lv_149 = ite(v69, lv_1, lv_99);   % 5
   lv_150 = ite(v68, lv_149, lv_138);   % 7
   lv_151 = ite(v67, lv_150, false);   % 8
   lv_152 = ite(v66, lv_151, lv_148);   % 11
   lv_153 = ite(v64, lv_144, lv_152);   % 17
   lv_154 = ite(v52, lv_153, lv_146);   % 23
   lv_155 = ite(v42, lv_144, lv_154);   % 24
   lv_156 = ite(v40, lv_144, lv_155);   % 25
   lv_157 = ite(v30, lv_155, lv_156);   % 26
   lv_158 = ite(v20, lv_144, lv_157);   % 27
   lv_159 = ite(v18, lv_144, lv_158);   % 28
   lv_160 = ite(v8, lv_158, lv_159);   % 29
   lv_161 = ite(v69, false, lv_1);   % 4
   lv_162 = ite(v68, lv_139, lv_161);   % 6
   lv_163 = ite(v67, lv_162, lv_137);   % 9
   lv_164 = ite(v66, lv_163, lv_136);   % 11
   lv_165 = ite(v64, lv_144, lv_164);   % 16
   lv_166 = ite(v62, lv_144, lv_165);   % 17
   lv_167 = ite(v69, lv_99, false);   % 4
   lv_168 = ite(v67, lv_167, lv_1);   % 6
   lv_169 = ite(v69, lv_99, lv_1);   % 5
   lv_170 = ite(v68, lv_139, lv_169);   % 7
   lv_171 = ite(v67, lv_170, false);   % 8
   lv_172 = ite(v66, lv_171, lv_168);   % 11
   lv_173 = ite(v64, lv_144, lv_172);   % 17
   lv_174 = ite(v52, lv_173, lv_166);   % 25
   lv_175 = ite(v42, lv_144, lv_174);   % 26
   lv_176 = ite(v40, lv_144, lv_175);   % 27
   lv_177 = ite(v30, lv_175, lv_176);   % 28
   lv_178 = ite(v20, lv_144, lv_177);   % 29
   lv_179 = ite(v18, lv_144, lv_178);   % 30
   lv_180 = ite(v8, lv_178, lv_179);   % 31
   lv_181 = ite(v69, lv_1, false);   % 4
   lv_182 = ite(v68, lv_181, lv_161);   % 6
   lv_183 = ite(v67, lv_182, lv_99);   % 8
   lv_184 = ite(v66, lv_183, lv_136);   % 10
   lv_185 = ite(v64, lv_144, lv_184);   % 16
   lv_186 = ite(v52, lv_185, lv_145);   % 21
   lv_187 = ite(v42, lv_144, lv_186);   % 22
   lv_188 = ite(v20, lv_144, lv_187);   % 23
   lv_189 = ite(v6, lv_188, lv_180);   % 43
   lv_190 = ite(v52, lv_153, lv_145);   % 22
   lv_191 = ite(v42, lv_144, lv_190);   % 23
   lv_192 = ite(v20, lv_144, lv_191);   % 24
   lv_193 = ite(v6, lv_192, lv_188);   % 34
   lv_194 = ite(v4, lv_193, lv_189);   % 55
   lv_195 = ite(v52, lv_144, lv_165);   % 17
   lv_196 = ite(v42, lv_144, lv_195);   % 18
   lv_197 = ite(v20, lv_144, lv_196);   % 19
   lv_198 = ite(v6, lv_197, lv_192);   % 33
   lv_199 = ite(v52, lv_144, lv_145);   % 14
   lv_200 = ite(v42, lv_144, lv_199);   % 15
   lv_201 = ite(v20, lv_144, lv_200);   % 16
   lv_202 = ite(v4, lv_201, lv_198);   % 37
   lv_203 = ite(v2, lv_202, lv_194);   % 64
   lv_204 = ite(v0, lv_203, lv_160);   % 73
   trace_verbose_print("  Done reconstruction 4.");
   trace_verbose_print("Registering Transition Function");
   trace_verbose_print("  Reconstruction 5...");
   lv_205 = ite(v71, false, true);   % 3
   lv_206 = ite(v73, false, true);   % 3
   lv_207 = ite(v73, true, false);   % 3
   lv_208 = ite(v72, lv_207, lv_206);   % 5
   lv_209 = ite(v71, lv_208, false);   % 6
   lv_210 = ite(v70, lv_209, lv_205);   % 8
   lv_211 = ite(v73, false, lv_99);   % 4
   lv_212 = ite(v71, lv_211, lv_1);   % 6
   lv_213 = ite(v73, lv_1, lv_99);   % 5
   lv_214 = ite(v72, lv_213, lv_206);   % 7
   lv_215 = ite(v71, lv_214, false);   % 8
   lv_216 = ite(v70, lv_215, lv_212);   % 11
   lv_217 = ite(v68, lv_216, lv_210);   % 17
   lv_218 = ite(v66, lv_217, lv_210);   % 18
   lv_219 = ite(v64, lv_210, lv_218);   % 19
   lv_220 = ite(v62, lv_210, lv_219);   % 20
   lv_221 = ite(v52, lv_210, lv_220);   % 21
   lv_222 = ite(v42, lv_210, lv_221);   % 22
   lv_223 = ite(v40, lv_210, lv_222);   % 23
   lv_224 = ite(v30, lv_222, lv_223);   % 24
   lv_225 = ite(v20, lv_210, lv_224);   % 25
   lv_226 = ite(v18, lv_210, lv_225);   % 26
   lv_227 = ite(v8, lv_225, lv_226);   % 27
   lv_228 = ite(v73, false, lv_1);   % 4
   lv_229 = ite(v73, lv_1, false);   % 4
   lv_230 = ite(v72, lv_229, lv_228);   % 6
   lv_231 = ite(v71, lv_230, lv_99);   % 8
   lv_232 = ite(v70, lv_231, lv_205);   % 10
   lv_233 = ite(v64, lv_210, lv_232);   % 16
   lv_234 = ite(v52, lv_233, lv_210);   % 17
   lv_235 = ite(v42, lv_210, lv_234);   % 18
   lv_236 = ite(v20, lv_210, lv_235);   % 19
   lv_237 = ite(v6, lv_210, lv_236);   % 20
   lv_238 = ite(v4, lv_237, lv_210);   % 21
   lv_239 = ite(v4, lv_210, lv_237);   % 21
   lv_240 = ite(v2, lv_239, lv_238);   % 23
   lv_241 = ite(v0, lv_240, lv_227);   % 41
   trace_verbose_print("  Done reconstruction 5.");
   trace_verbose_print("Registering Transition Function");
   trace_verbose_print("  Reconstruction 6...");
   lv_242 = ite(v63, false, true);   % 3
   lv_243 = ite(v63, true, false);   % 3
   lv_244 = ite(v62, lv_243, lv_242);   % 5
   lv_245 = ite(v64, true, lv_1);   % 4
   lv_246 = ite(v64, false, lv_99);   % 4
   lv_247 = ite(v63, lv_246, lv_245);   % 7
   lv_248 = ite(v62, lv_243, lv_247);   % 9
   lv_249 = ite(v52, lv_248, lv_244);   % 12
   lv_250 = ite(v42, lv_244, lv_249);   % 13
   lv_251 = ite(v40, lv_244, lv_250);   % 14
   lv_252 = ite(v30, lv_250, lv_251);   % 15
   lv_253 = ite(v20, lv_244, lv_252);   % 16
   lv_254 = ite(v18, lv_244, lv_253);   % 17
   lv_255 = ite(v8, lv_253, lv_254);   % 18
   lv_256 = ite(v6, lv_244, lv_255);   % 19
   lv_257 = ite(v63, lv_245, lv_246);   % 7
   lv_258 = ite(v62, lv_257, lv_242);   % 9
   lv_259 = ite(v52, lv_244, lv_258);   % 12
   lv_260 = ite(v42, lv_244, lv_259);   % 13
   lv_261 = ite(v20, lv_244, lv_260);   % 14
   lv_262 = ite(v6, lv_244, lv_261);   % 15
   lv_263 = ite(v4, lv_262, lv_256);   % 26
   lv_264 = ite(v6, lv_261, lv_244);   % 15
   lv_265 = ite(v4, lv_264, lv_262);   % 17
   lv_266 = ite(v2, lv_265, lv_263);   % 29
   lv_267 = ite(v0, lv_266, lv_255);   % 30
   trace_verbose_print("  Done reconstruction 6.");
   trace_verbose_print("Registering Transition Function");
   trace_verbose_print("  Reconstruction 7...");
   lv_268 = ite(v45, false, true);   % 3
   lv_269 = ite(v62, false, lv_246);   % 5
   lv_270 = ite(v52, lv_246, lv_269);   % 6
   lv_271 = ite(v46, false, lv_270);   % 7
   lv_272 = ite(v47, false, true);   % 3
   lv_273 = ite(v47, true, false);   % 3
   lv_274 = ite(v46, lv_273, lv_272);   % 5
   lv_275 = ite(v45, lv_274, lv_271);   % 11
   lv_276 = ite(v44, lv_275, lv_268);   % 13
   lv_277 = ite(v45, lv_274, false);   % 6
   lv_278 = ite(v44, lv_277, lv_268);   % 8
   lv_279 = ite(v42, lv_278, lv_276);   % 16
   lv_280 = ite(v40, lv_278, lv_279);   % 17
   lv_281 = ite(v62, true, lv_245);   % 5
   lv_282 = ite(v52, lv_245, lv_281);   % 6
   lv_283 = ite(v47, false, lv_270);   % 7
   lv_284 = ite(v45, lv_283, lv_282);   % 12
   lv_285 = ite(v47, lv_282, lv_270);   % 11
   lv_286 = ite(v46, lv_285, lv_272);   % 13
   lv_287 = ite(v45, lv_286, false);   % 14
   lv_288 = ite(v44, lv_287, lv_284);   % 17
   lv_289 = ite(v42, lv_278, lv_288);   % 23
   lv_290 = ite(v30, lv_289, lv_280);   % 29
   lv_291 = ite(v20, lv_278, lv_290);   % 30
   lv_292 = ite(v18, lv_278, lv_291);   % 31
   lv_293 = ite(v8, lv_291, lv_292);   % 32
   lv_294 = ite(v47, false, lv_282);   % 7
   lv_295 = ite(v46, lv_273, lv_294);   % 9
   lv_296 = ite(v45, lv_295, lv_271);   % 15
   lv_297 = ite(v44, lv_296, lv_268);   % 17
   lv_298 = ite(v42, lv_278, lv_297);   % 22
   lv_299 = ite(v40, lv_278, lv_298);   % 23
   lv_300 = ite(v47, lv_270, false);   % 7
   lv_301 = ite(v45, lv_300, lv_282);   % 12
   lv_302 = ite(v47, lv_270, lv_282);   % 11
   lv_303 = ite(v46, lv_273, lv_302);   % 13
   lv_304 = ite(v45, lv_303, false);   % 14
   lv_305 = ite(v44, lv_304, lv_301);   % 17
   lv_306 = ite(v42, lv_278, lv_305);   % 23
   lv_307 = ite(v30, lv_306, lv_299);   % 31
   lv_308 = ite(v20, lv_278, lv_307);   % 32
   lv_309 = ite(v18, lv_278, lv_308);   % 33
   lv_310 = ite(v8, lv_308, lv_309);   % 34
   lv_311 = ite(v46, false, lv_246);   % 5
   lv_312 = ite(v45, lv_274, lv_311);   % 9
   lv_313 = ite(v44, lv_312, lv_268);   % 11
   lv_314 = ite(v42, lv_278, lv_313);   % 14
   lv_315 = ite(v47, false, lv_245);   % 5
   lv_316 = ite(v47, lv_245, false);   % 5
   lv_317 = ite(v46, lv_316, lv_315);   % 7
   lv_318 = ite(v45, lv_317, lv_246);   % 10
   lv_319 = ite(v44, lv_318, lv_268);   % 12
   lv_320 = ite(v42, lv_278, lv_319);   % 18
   lv_321 = ite(v30, lv_320, lv_314);   % 23
   lv_322 = ite(v20, lv_278, lv_321);   % 24
   lv_323 = ite(v6, lv_322, lv_310);   % 47
   lv_324 = ite(v47, false, lv_246);   % 5
   lv_325 = ite(v45, lv_324, lv_245);   % 8
   lv_326 = ite(v47, lv_245, lv_246);   % 7
   lv_327 = ite(v46, lv_326, lv_272);   % 9
   lv_328 = ite(v45, lv_327, false);   % 10
   lv_329 = ite(v44, lv_328, lv_325);   % 13
   lv_330 = ite(v42, lv_278, lv_329);   % 19
   lv_331 = ite(v30, lv_330, lv_314);   % 24
   lv_332 = ite(v20, lv_278, lv_331);   % 25
   lv_333 = ite(v6, lv_332, lv_322);   % 34
   lv_334 = ite(v4, lv_333, lv_323);   % 58
   lv_335 = ite(v46, lv_273, lv_315);   % 7
   lv_336 = ite(v45, lv_335, lv_311);   % 11
   lv_337 = ite(v44, lv_336, lv_268);   % 13
   lv_338 = ite(v42, lv_278, lv_337);   % 18
   lv_339 = ite(v30, lv_278, lv_338);   % 19
   lv_340 = ite(v20, lv_278, lv_339);   % 20
   lv_341 = ite(v6, lv_340, lv_332);   % 33
   lv_342 = ite(v30, lv_278, lv_314);   % 15
   lv_343 = ite(v20, lv_278, lv_342);   % 16
   lv_344 = ite(v4, lv_343, lv_341);   % 36
   lv_345 = ite(v2, lv_344, lv_334);   % 69
   lv_346 = ite(v0, lv_345, lv_293);   % 85
   trace_verbose_print("  Done reconstruction 7.");
   trace_verbose_print("Registering Transition Function");
   trace_verbose_print("  Reconstruction 8...");
   lv_347 = ite(v49, false, true);   % 3
   lv_348 = ite(v51, false, true);   % 3
   lv_349 = ite(v51, true, false);   % 3
   lv_350 = ite(v50, lv_349, lv_348);   % 5
   lv_351 = ite(v49, lv_350, false);   % 6
   lv_352 = ite(v48, lv_351, lv_347);   % 8
   lv_353 = ite(v51, false, lv_270);   % 7
   lv_354 = ite(v49, lv_353, lv_282);   % 12
   lv_355 = ite(v51, lv_282, lv_270);   % 11
   lv_356 = ite(v50, lv_355, lv_348);   % 13
   lv_357 = ite(v49, lv_356, false);   % 14
   lv_358 = ite(v48, lv_357, lv_354);   % 17
   lv_359 = ite(v46, lv_358, lv_352);   % 23
   lv_360 = ite(v44, lv_359, lv_352);   % 24
   lv_361 = ite(v42, lv_352, lv_360);   % 25
   lv_362 = ite(v40, lv_352, lv_361);   % 26
   lv_363 = ite(v30, lv_352, lv_362);   % 27
   lv_364 = ite(v20, lv_352, lv_363);   % 28
   lv_365 = ite(v18, lv_352, lv_364);   % 29
   lv_366 = ite(v8, lv_364, lv_365);   % 30
   lv_367 = ite(v51, false, lv_245);   % 5
   lv_368 = ite(v51, lv_245, false);   % 5
   lv_369 = ite(v50, lv_368, lv_367);   % 7
   lv_370 = ite(v49, lv_369, lv_246);   % 10
   lv_371 = ite(v48, lv_370, lv_347);   % 12
   lv_372 = ite(v42, lv_352, lv_371);   % 18
   lv_373 = ite(v30, lv_372, lv_352);   % 19
   lv_374 = ite(v20, lv_352, lv_373);   % 20
   lv_375 = ite(v6, lv_352, lv_374);   % 21
   lv_376 = ite(v4, lv_375, lv_352);   % 22
   lv_377 = ite(v4, lv_352, lv_375);   % 22
   lv_378 = ite(v2, lv_377, lv_376);   % 24
   lv_379 = ite(v0, lv_378, lv_366);   % 43
   trace_verbose_print("  Done reconstruction 8.");
   trace_verbose_print("Registering Transition Function");
   trace_verbose_print("  Reconstruction 9...");
   lv_380 = ite(v41, false, true);   % 3
   lv_381 = ite(v41, true, false);   % 3
   lv_382 = ite(v40, lv_381, lv_380);   % 5
   lv_383 = ite(v42, true, lv_282);   % 7
   lv_384 = ite(v42, false, lv_270);   % 7
   lv_385 = ite(v41, lv_384, lv_383);   % 13
   lv_386 = ite(v40, lv_381, lv_385);   % 15
   lv_387 = ite(v30, lv_386, lv_382);   % 18
   lv_388 = ite(v20, lv_382, lv_387);   % 19
   lv_389 = ite(v18, lv_382, lv_388);   % 20
   lv_390 = ite(v8, lv_388, lv_389);   % 21
   lv_391 = ite(v6, lv_382, lv_390);   % 22
   lv_392 = ite(v42, false, lv_246);   % 5
   lv_393 = ite(v42, true, lv_245);   % 5
   lv_394 = ite(v41, lv_393, lv_392);   % 9
   lv_395 = ite(v40, lv_394, lv_380);   % 11
   lv_396 = ite(v30, lv_382, lv_395);   % 14
   lv_397 = ite(v20, lv_382, lv_396);   % 15
   lv_398 = ite(v6, lv_382, lv_397);   % 16
   lv_399 = ite(v4, lv_398, lv_391);   % 30
   lv_400 = ite(v6, lv_397, lv_382);   % 16
   lv_401 = ite(v4, lv_400, lv_398);   % 18
   lv_402 = ite(v2, lv_401, lv_399);   % 33
   lv_403 = ite(v0, lv_402, lv_390);   % 34
   trace_verbose_print("  Done reconstruction 9.");
   trace_verbose_print("Registering Transition Function");
   trace_verbose_print("  Reconstruction 10...");
   lv_404 = ite(v23, false, true);   % 3
   lv_405 = ite(v40, false, lv_384);   % 8
   lv_406 = ite(v30, lv_384, lv_405);   % 9
   lv_407 = ite(v24, false, lv_406);   % 10
   lv_408 = ite(v25, false, true);   % 3
   lv_409 = ite(v25, true, false);   % 3
   lv_410 = ite(v24, lv_409, lv_408);   % 5
   lv_411 = ite(v23, lv_410, lv_407);   % 14
   lv_412 = ite(v22, lv_411, lv_404);   % 16
   lv_413 = ite(v23, lv_410, false);   % 6
   lv_414 = ite(v22, lv_413, lv_404);   % 8
   lv_415 = ite(v20, lv_414, lv_412);   % 19
   lv_416 = ite(v18, lv_414, lv_415);   % 20
   lv_417 = ite(v40, true, lv_383);   % 8
   lv_418 = ite(v30, lv_383, lv_417);   % 9
   lv_419 = ite(v25, false, lv_406);   % 10
   lv_420 = ite(v23, lv_419, lv_418);   % 18
   lv_421 = ite(v25, lv_418, lv_406);   % 17
   lv_422 = ite(v24, lv_421, lv_408);   % 19
   lv_423 = ite(v23, lv_422, false);   % 20
   lv_424 = ite(v22, lv_423, lv_420);   % 23
   lv_425 = ite(v20, lv_414, lv_424);   % 29
   lv_426 = ite(v8, lv_425, lv_416);   % 35
   lv_427 = ite(v25, false, lv_418);   % 10
   lv_428 = ite(v24, lv_409, lv_427);   % 12
   lv_429 = ite(v23, lv_428, lv_407);   % 21
   lv_430 = ite(v22, lv_429, lv_404);   % 23
   lv_431 = ite(v20, lv_414, lv_430);   % 28
   lv_432 = ite(v18, lv_414, lv_431);   % 29
   lv_433 = ite(v25, lv_406, false);   % 10
   lv_434 = ite(v23, lv_433, lv_418);   % 18
   lv_435 = ite(v25, lv_406, lv_418);   % 17
   lv_436 = ite(v24, lv_409, lv_435);   % 19
   lv_437 = ite(v23, lv_436, false);   % 20
   lv_438 = ite(v22, lv_437, lv_434);   % 23
   lv_439 = ite(v20, lv_414, lv_438);   % 29
   lv_440 = ite(v8, lv_439, lv_432);   % 37
   lv_441 = ite(v24, false, lv_392);   % 6
   lv_442 = ite(v23, lv_410, lv_441);   % 10
   lv_443 = ite(v22, lv_442, lv_404);   % 12
   lv_444 = ite(v20, lv_414, lv_443);   % 15
   lv_445 = ite(v25, false, lv_393);   % 6
   lv_446 = ite(v25, lv_393, false);   % 6
   lv_447 = ite(v24, lv_446, lv_445);   % 8
   lv_448 = ite(v23, lv_447, lv_392);   % 12
   lv_449 = ite(v22, lv_448, lv_404);   % 14
   lv_450 = ite(v20, lv_414, lv_449);   % 20
   lv_451 = ite(v8, lv_450, lv_444);   % 25
   lv_452 = ite(v6, lv_451, lv_440);   % 51
   lv_453 = ite(v25, false, lv_392);   % 6
   lv_454 = ite(v23, lv_453, lv_393);   % 10
   lv_455 = ite(v25, lv_393, lv_392);   % 9
   lv_456 = ite(v24, lv_455, lv_408);   % 11
   lv_457 = ite(v23, lv_456, false);   % 12
   lv_458 = ite(v22, lv_457, lv_454);   % 15
   lv_459 = ite(v20, lv_414, lv_458);   % 21
   lv_460 = ite(v8, lv_459, lv_444);   % 26
   lv_461 = ite(v6, lv_460, lv_451);   % 34
   lv_462 = ite(v4, lv_461, lv_452);   % 61
   lv_463 = ite(v24, lv_409, lv_445);   % 8
   lv_464 = ite(v23, lv_463, lv_441);   % 13
   lv_465 = ite(v22, lv_464, lv_404);   % 15
   lv_466 = ite(v20, lv_414, lv_465);   % 20
   lv_467 = ite(v8, lv_414, lv_466);   % 21
   lv_468 = ite(v6, lv_467, lv_460);   % 33
   lv_469 = ite(v8, lv_414, lv_444);   % 16
   lv_470 = ite(v4, lv_469, lv_468);   % 35
   lv_471 = ite(v2, lv_470, lv_462);   % 70
   lv_472 = ite(v0, lv_471, lv_426);   % 83
   trace_verbose_print("  Done reconstruction 10.");
   trace_verbose_print("Registering Transition Function");
   trace_verbose_print("  Reconstruction 11...");
   lv_473 = ite(v27, false, true);   % 3
   lv_474 = ite(v29, false, true);   % 3
   lv_475 = ite(v29, true, false);   % 3
   lv_476 = ite(v28, lv_475, lv_474);   % 5
   lv_477 = ite(v27, lv_476, false);   % 6
   lv_478 = ite(v26, lv_477, lv_473);   % 8
   lv_479 = ite(v29, false, lv_406);   % 10
   lv_480 = ite(v27, lv_479, lv_418);   % 18
   lv_481 = ite(v29, lv_418, lv_406);   % 17
   lv_482 = ite(v28, lv_481, lv_474);   % 19
   lv_483 = ite(v27, lv_482, false);   % 20
   lv_484 = ite(v26, lv_483, lv_480);   % 23
   lv_485 = ite(v24, lv_484, lv_478);   % 29
   lv_486 = ite(v22, lv_485, lv_478);   % 30
   lv_487 = ite(v20, lv_478, lv_486);   % 31
   lv_488 = ite(v18, lv_478, lv_487);   % 32
   lv_489 = ite(v8, lv_478, lv_488);   % 33
   lv_490 = ite(v29, false, lv_393);   % 6
   lv_491 = ite(v29, lv_393, false);   % 6
   lv_492 = ite(v28, lv_491, lv_490);   % 8
   lv_493 = ite(v27, lv_492, lv_392);   % 12
   lv_494 = ite(v26, lv_493, lv_473);   % 14
   lv_495 = ite(v20, lv_478, lv_494);   % 20
   lv_496 = ite(v8, lv_495, lv_478);   % 21
   lv_497 = ite(v6, lv_478, lv_496);   % 22
   lv_498 = ite(v4, lv_497, lv_478);   % 23
   lv_499 = ite(v4, lv_478, lv_497);   % 23
   lv_500 = ite(v2, lv_499, lv_498);   % 25
   lv_501 = ite(v0, lv_500, lv_489);   % 47
   trace_verbose_print("  Done reconstruction 11.");
   trace_verbose_print("Registering Transition Function");
   trace_verbose_print("  Reconstruction 12...");
   lv_502 = ite(v19, false, true);   % 3
   lv_503 = ite(v19, true, false);   % 3
   lv_504 = ite(v18, lv_503, lv_502);   % 5
   lv_505 = ite(v20, true, lv_418);   % 10
   lv_506 = ite(v20, false, lv_406);   % 10
   lv_507 = ite(v19, lv_506, lv_505);   % 19
   lv_508 = ite(v18, lv_503, lv_507);   % 21
   lv_509 = ite(v8, lv_508, lv_504);   % 24
   lv_510 = ite(v6, lv_504, lv_509);   % 25
   lv_511 = ite(v20, false, lv_392);   % 6
   lv_512 = ite(v20, true, lv_393);   % 6
   lv_513 = ite(v19, lv_512, lv_511);   % 11
   lv_514 = ite(v18, lv_513, lv_502);   % 13
   lv_515 = ite(v8, lv_504, lv_514);   % 16
   lv_516 = ite(v6, lv_504, lv_515);   % 17
   lv_517 = ite(v4, lv_516, lv_510);   % 34
   lv_518 = ite(v6, lv_515, lv_504);   % 17
   lv_519 = ite(v4, lv_518, lv_516);   % 19
   lv_520 = ite(v2, lv_519, lv_517);   % 37
   lv_521 = ite(v0, lv_520, lv_509);   % 38
   trace_verbose_print("  Done reconstruction 12.");
   trace_verbose_print("Registering Invariant");
   trace_verbose_print("  Reconstruction 13...");
   lv_522 = ite(v84, lv_1, true);   % 4
   lv_523 = ite(v82, false, lv_522);   % 5
   lv_524 = ite(v80, lv_523, false);   % 6
   lv_525 = ite(v78, lv_524, false);   % 7
   lv_526 = ite(v76, lv_525, false);   % 8
   lv_527 = ite(v74, false, lv_526);   % 9
   lv_528 = ite(v66, false, lv_527);   % 10
   lv_529 = ite(v54, false, lv_528);   % 11
   lv_530 = ite(v52, lv_529, false);   % 12
   lv_531 = ite(v38, false, lv_530);   % 13
   lv_532 = ite(v36, lv_531, false);   % 14
   lv_533 = ite(v34, lv_532, false);   % 15
   lv_534 = ite(v32, lv_533, false);   % 16
   lv_535 = ite(v60, false, lv_527);   % 10
   lv_536 = ite(v58, lv_535, false);   % 11
   lv_537 = ite(v56, lv_536, false);   % 12
   lv_538 = ite(v54, lv_537, false);   % 13
   lv_539 = ite(v52, false, lv_538);   % 14
   lv_540 = ite(v44, false, lv_539);   % 15
   lv_541 = ite(v32, false, lv_540);   % 16
   lv_542 = ite(v30, lv_541, lv_534);   % 24
   lv_543 = ite(v16, false, lv_542);   % 25
   lv_544 = ite(v14, lv_543, false);   % 26
   lv_545 = ite(v12, lv_544, false);   % 27
   lv_546 = ite(v10, lv_545, false);   % 28
   lv_547 = ite(v38, false, lv_539);   % 15
   lv_548 = ite(v36, lv_547, false);   % 16
   lv_549 = ite(v34, lv_548, false);   % 17
   lv_550 = ite(v32, lv_549, false);   % 18
   lv_551 = ite(v30, false, lv_550);   % 19
   lv_552 = ite(v22, false, lv_551);   % 20
   lv_553 = ite(v10, false, lv_552);   % 21
   lv_554 = ite(v8, lv_553, lv_546);   % 36
   lv_555 = ite(v68, false, lv_527);   % 10
   lv_556 = ite(v66, lv_555, lv_527);   % 11
   lv_557 = ite(v60, false, lv_556);   % 12
   lv_558 = ite(v58, false, lv_557);   % 13
   lv_559 = ite(v56, false, lv_558);   % 14
   lv_560 = ite(v54, lv_559, false);   % 15
   lv_561 = ite(v52, lv_560, false);   % 16
   lv_562 = ite(v38, false, lv_561);   % 17
   lv_563 = ite(v36, lv_562, false);   % 18
   lv_564 = ite(v34, lv_563, false);   % 19
   lv_565 = ite(v32, lv_564, false);   % 20
   lv_566 = ite(v46, false, lv_539);   % 15
   lv_567 = ite(v44, lv_566, lv_539);   % 16
   lv_568 = ite(v38, false, lv_567);   % 17
   lv_569 = ite(v36, false, lv_568);   % 18
   lv_570 = ite(v34, false, lv_569);   % 19
   lv_571 = ite(v32, lv_570, false);   % 20
   lv_572 = ite(v30, lv_571, lv_565);   % 32
   lv_573 = ite(v16, false, lv_572);   % 33
   lv_574 = ite(v14, lv_573, false);   % 34
   lv_575 = ite(v12, lv_574, false);   % 35
   lv_576 = ite(v10, lv_575, false);   % 36
   lv_577 = ite(v24, false, lv_551);   % 20
   lv_578 = ite(v22, lv_577, lv_551);   % 21
   lv_579 = ite(v16, false, lv_578);   % 22
   lv_580 = ite(v14, false, lv_579);   % 23
   lv_581 = ite(v12, false, lv_580);   % 24
   lv_582 = ite(v10, lv_581, false);   % 25
   lv_583 = ite(v8, lv_582, lv_576);   % 48
   lv_584 = ite(v70, false, lv_527);   % 10
   lv_585 = ite(v68, lv_584, false);   % 11
   lv_586 = ite(v66, lv_585, false);   % 12
   lv_587 = ite(v60, lv_586, false);   % 13
   lv_588 = ite(v58, false, lv_587);   % 14
   lv_589 = ite(v56, false, lv_588);   % 15
   lv_590 = ite(v54, lv_589, false);   % 16
   lv_591 = ite(v52, lv_590, false);   % 17
   lv_592 = ite(v38, false, lv_591);   % 18
   lv_593 = ite(v36, lv_592, false);   % 19
   lv_594 = ite(v34, lv_593, false);   % 20
   lv_595 = ite(v32, lv_594, false);   % 21
   lv_596 = ite(v48, false, lv_539);   % 15
   lv_597 = ite(v46, lv_596, false);   % 16
   lv_598 = ite(v44, lv_597, false);   % 17
   lv_599 = ite(v38, lv_598, false);   % 18
   lv_600 = ite(v36, false, lv_599);   % 19
   lv_601 = ite(v34, false, lv_600);   % 20
   lv_602 = ite(v32, lv_601, false);   % 21
   lv_603 = ite(v30, lv_602, lv_595);   % 34
   lv_604 = ite(v16, false, lv_603);   % 35
   lv_605 = ite(v14, lv_604, false);   % 36
   lv_606 = ite(v12, lv_605, false);   % 37
   lv_607 = ite(v10, lv_606, false);   % 38
   lv_608 = ite(v26, false, lv_551);   % 20
   lv_609 = ite(v24, lv_608, false);   % 21
   lv_610 = ite(v22, lv_609, false);   % 22
   lv_611 = ite(v16, lv_610, false);   % 23
   lv_612 = ite(v14, false, lv_611);   % 24
   lv_613 = ite(v12, false, lv_612);   % 25
   lv_614 = ite(v10, lv_613, false);   % 26
   lv_615 = ite(v8, lv_614, lv_607);   % 51
   lv_616 = ite(v6, lv_615, lv_583);   % 81
   lv_617 = ite(v72, lv_527, false);   % 10
   lv_618 = ite(v70, lv_617, false);   % 11
   lv_619 = ite(v68, lv_618, false);   % 12
   lv_620 = ite(v66, lv_619, false);   % 13
   lv_621 = ite(v60, false, lv_620);   % 14
   lv_622 = ite(v58, lv_621, false);   % 15
   lv_623 = ite(v56, false, lv_622);   % 16
   lv_624 = ite(v54, lv_623, false);   % 17
   lv_625 = ite(v52, lv_624, false);   % 18
   lv_626 = ite(v38, false, lv_625);   % 19
   lv_627 = ite(v36, lv_626, false);   % 20
   lv_628 = ite(v34, lv_627, false);   % 21
   lv_629 = ite(v32, lv_628, false);   % 22
   lv_630 = ite(v50, lv_539, false);   % 15
   lv_631 = ite(v48, lv_630, false);   % 16
   lv_632 = ite(v46, lv_631, false);   % 17
   lv_633 = ite(v44, lv_632, false);   % 18
   lv_634 = ite(v38, false, lv_633);   % 19
   lv_635 = ite(v36, lv_634, false);   % 20
   lv_636 = ite(v34, false, lv_635);   % 21
   lv_637 = ite(v32, lv_636, false);   % 22
   lv_638 = ite(v30, lv_637, lv_629);   % 36
   lv_639 = ite(v16, false, lv_638);   % 37
   lv_640 = ite(v14, lv_639, false);   % 38
   lv_641 = ite(v12, lv_640, false);   % 39
   lv_642 = ite(v10, lv_641, false);   % 40
   lv_643 = ite(v28, lv_551, false);   % 20
   lv_644 = ite(v26, lv_643, false);   % 21
   lv_645 = ite(v24, lv_644, false);   % 22
   lv_646 = ite(v22, lv_645, false);   % 23
   lv_647 = ite(v16, false, lv_646);   % 24
   lv_648 = ite(v14, lv_647, false);   % 25
   lv_649 = ite(v12, false, lv_648);   % 26
   lv_650 = ite(v10, lv_649, false);   % 27
   lv_651 = ite(v8, lv_650, lv_642);   % 54
   lv_652 = ite(v6, false, lv_651);   % 55
   lv_653 = ite(v4, lv_652, lv_616);   % 118
   lv_654 = ite(v72, false, lv_527);   % 10
   lv_655 = ite(v70, lv_654, false);   % 11
   lv_656 = ite(v68, lv_655, false);   % 12
   lv_657 = ite(v66, lv_656, false);   % 13
   lv_658 = ite(v60, false, lv_657);   % 14
   lv_659 = ite(v58, false, lv_658);   % 15
   lv_660 = ite(v56, lv_659, false);   % 16
   lv_661 = ite(v54, lv_660, false);   % 17
   lv_662 = ite(v52, lv_661, false);   % 18
   lv_663 = ite(v38, false, lv_662);   % 19
   lv_664 = ite(v36, lv_663, false);   % 20
   lv_665 = ite(v34, lv_664, false);   % 21
   lv_666 = ite(v32, lv_665, false);   % 22
   lv_667 = ite(v50, false, lv_539);   % 15
   lv_668 = ite(v48, lv_667, false);   % 16
   lv_669 = ite(v46, lv_668, false);   % 17
   lv_670 = ite(v44, lv_669, false);   % 18
   lv_671 = ite(v38, false, lv_670);   % 19
   lv_672 = ite(v36, false, lv_671);   % 20
   lv_673 = ite(v34, lv_672, false);   % 21
   lv_674 = ite(v32, lv_673, false);   % 22
   lv_675 = ite(v30, lv_674, lv_666);   % 36
   lv_676 = ite(v16, false, lv_675);   % 37
   lv_677 = ite(v14, lv_676, false);   % 38
   lv_678 = ite(v12, lv_677, false);   % 39
   lv_679 = ite(v10, lv_678, false);   % 40
   lv_680 = ite(v28, false, lv_551);   % 20
   lv_681 = ite(v26, lv_680, false);   % 21
   lv_682 = ite(v24, lv_681, false);   % 22
   lv_683 = ite(v22, lv_682, false);   % 23
   lv_684 = ite(v16, false, lv_683);   % 24
   lv_685 = ite(v14, false, lv_684);   % 25
   lv_686 = ite(v12, lv_685, false);   % 26
   lv_687 = ite(v10, lv_686, false);   % 27
   lv_688 = ite(v8, lv_687, lv_679);   % 54
   lv_689 = ite(v6, false, lv_688);   % 55
   lv_690 = ite(v82, false, true);   % 3
   lv_691 = ite(v80, lv_690, false);   % 4
   lv_692 = ite(v78, lv_691, false);   % 5
   lv_693 = ite(v76, lv_692, false);   % 6
   lv_694 = ite(v60, false, lv_693);   % 7
   lv_695 = ite(v58, lv_694, false);   % 8
   lv_696 = ite(v56, lv_695, false);   % 9
   lv_697 = ite(v54, lv_696, false);   % 10
   lv_698 = ite(v52, false, lv_697);   % 11
   lv_699 = ite(v38, false, lv_698);   % 12
   lv_700 = ite(v36, lv_699, false);   % 13
   lv_701 = ite(v34, lv_700, false);   % 14
   lv_702 = ite(v32, lv_701, false);   % 15
   lv_703 = ite(v30, false, lv_702);   % 16
   lv_704 = ite(v16, false, lv_703);   % 17
   lv_705 = ite(v14, lv_704, false);   % 18
   lv_706 = ite(v12, lv_705, false);   % 19
   lv_707 = ite(v10, lv_706, false);   % 20
   lv_708 = ite(v8, false, lv_707);   % 21
   lv_709 = ite(v84, true, false);   % 3
   lv_710 = ite(v82, lv_709, false);   % 4
   lv_711 = ite(v80, lv_710, false);   % 5
   lv_712 = ite(v78, lv_711, false);   % 6
   lv_713 = ite(v76, lv_712, false);   % 7
   lv_714 = ite(v74, lv_713, false);   % 8
   lv_715 = ite(v60, false, lv_714);   % 9
   lv_716 = ite(v58, lv_715, false);   % 10
   lv_717 = ite(v56, lv_716, false);   % 11
   lv_718 = ite(v54, lv_717, false);   % 12
   lv_719 = ite(v52, false, lv_718);   % 13
   lv_720 = ite(v38, false, lv_719);   % 14
   lv_721 = ite(v36, lv_720, false);   % 15
   lv_722 = ite(v34, lv_721, false);   % 16
   lv_723 = ite(v32, lv_722, false);   % 17
   lv_724 = ite(v30, false, lv_723);   % 18
   lv_725 = ite(v16, false, lv_724);   % 19
   lv_726 = ite(v14, lv_725, false);   % 20
   lv_727 = ite(v12, lv_726, false);   % 21
   lv_728 = ite(v10, lv_727, false);   % 22
   lv_729 = ite(v8, false, lv_728);   % 23
   lv_730 = ite(v6, lv_729, lv_708);   % 43
   lv_731 = ite(v4, lv_730, lv_689);   % 97
   lv_732 = ite(v2, lv_731, lv_653);   % 197
   lv_733 = ite(v0, lv_732, lv_554);   % 215
   trace_verbose_print("  Done reconstruction 13.");
   trace_verbose_print("Done inital registeration.");
   trace_verbose_print("Ordering and clustering partitions...");
   lv_734 = vars_curr_to_next(lv_44);   % 46
   are_equal(lv_135, false);   % 0
   are_equal(lv_135, true);   % 0
   lv_735 = support_vars(lv_135);   % 25
   lv_736 = exists(lv_88, lv_735);   % 45
   lv_737 = exists(lv_44, lv_735);   % 24
   are_equal(lv_204, false);   % 0
   are_equal(lv_204, true);   % 0
   lv_738 = support_vars(lv_204);   % 20
   lv_739 = exists(lv_88, lv_738);   % 44
   lv_740 = exists(lv_44, lv_738);   % 30
   are_equal(lv_241, false);   % 0
   are_equal(lv_241, true);   % 0
   lv_741 = support_vars(lv_241);   % 22
   lv_742 = exists(lv_88, lv_741);   % 44
   lv_743 = exists(lv_44, lv_741);   % 28
   are_equal(lv_267, false);   % 0
   are_equal(lv_267, true);   % 0
   lv_744 = support_vars(lv_267);   % 17
   lv_745 = exists(lv_88, lv_744);   % 45
   lv_746 = exists(lv_44, lv_744);   % 32
   are_equal(lv_346, false);   % 0
   are_equal(lv_346, true);   % 0
   lv_747 = support_vars(lv_346);   % 20
   lv_748 = exists(lv_88, lv_747);   % 44
   lv_749 = exists(lv_44, lv_747);   % 30
   are_equal(lv_379, false);   % 0
   are_equal(lv_379, true);   % 0
   lv_750 = support_vars(lv_379);   % 22
   lv_751 = exists(lv_88, lv_750);   % 44
   lv_752 = exists(lv_44, lv_750);   % 28
   are_equal(lv_403, false);   % 0
   are_equal(lv_403, true);   % 0
   lv_753 = support_vars(lv_403);   % 17
   lv_754 = exists(lv_88, lv_753);   % 45
   lv_755 = exists(lv_44, lv_753);   % 32
   are_equal(lv_472, false);   % 0
   are_equal(lv_472, true);   % 0
   lv_756 = support_vars(lv_472);   % 20
   lv_757 = exists(lv_88, lv_756);   % 44
   lv_758 = exists(lv_44, lv_756);   % 30
   are_equal(lv_501, false);   % 0
   are_equal(lv_501, true);   % 0
   lv_759 = support_vars(lv_501);   % 22
   lv_760 = exists(lv_88, lv_759);   % 44
   lv_761 = exists(lv_44, lv_759);   % 28
   are_equal(lv_521, false);   % 0
   are_equal(lv_521, true);   % 0
   lv_762 = support_vars(lv_521);   % 17
   lv_763 = exists(lv_88, lv_762);   % 45
   lv_764 = exists(lv_44, lv_762);   % 32
   trace_verbose_print("  Initial merging...");
   lv_765 = and(lv_135, lv_267);   % 77
   lv_766 = and(lv_204, lv_267);   % 118
   lv_767 = and(lv_241, lv_267);   % 74
   lv_768 = and(lv_346, lv_267);   % 133
   lv_769 = and(lv_379, lv_267);   % 81
   lv_770 = and(lv_403, lv_267);   % 58
   lv_771 = and(lv_472, lv_267);   % 133
   lv_772 = and(lv_501, lv_267);   % 85
   lv_773 = and(lv_521, lv_267);   % 66
   lv_774 = support_vars(lv_770);   % 18
   lv_775 = exists(lv_88, lv_774);   % 44
   lv_776 = exists(lv_44, lv_774);   % 32
   lv_777 = and(lv_135, lv_521);   % 95
   lv_778 = and(lv_204, lv_521);   % 154
   lv_779 = and(lv_241, lv_521);   % 102
   lv_780 = and(lv_770, lv_521);   % 91
   lv_781 = and(lv_346, lv_521);   % 167
   lv_782 = and(lv_379, lv_521);   % 106
   lv_783 = and(lv_472, lv_521);   % 132
   lv_784 = and(lv_501, lv_521);   % 86
   lv_785 = support_vars(lv_784);   % 23
   lv_786 = exists(lv_88, lv_785);   % 43
   lv_787 = exists(lv_44, lv_785);   % 28
   lv_788 = and(lv_135, lv_204);   % 152
   lv_789 = and(lv_241, lv_204);   % 121
   lv_790 = support_vars(lv_789);   % 24
   lv_791 = exists(lv_88, lv_790);   % 42
   lv_792 = exists(lv_44, lv_790);   % 28
   lv_793 = and(lv_135, lv_770);   % 128
   lv_794 = and(lv_789, lv_770);   % 258
   lv_795 = and(lv_346, lv_770);   % 188
   lv_796 = and(lv_379, lv_770);   % 122
   lv_797 = and(lv_472, lv_770);   % 161
   lv_798 = and(lv_784, lv_770);   % 151
   lv_799 = support_vars(lv_796);   % 24
   lv_800 = exists(lv_88, lv_799);   % 42
   lv_801 = exists(lv_44, lv_799);   % 28
   lv_802 = and(lv_135, lv_346);   % 165
   lv_803 = and(lv_796, lv_346);   % 247
   lv_804 = support_vars(lv_802);   % 27
   lv_805 = exists(lv_88, lv_804);   % 43
   lv_806 = exists(lv_44, lv_804);   % 24
   lv_807 = and(lv_802, lv_472);   % 317
   lv_808 = and(lv_784, lv_472);   % 189
   lv_809 = support_vars(lv_808);   % 25
   lv_810 = exists(lv_88, lv_809);   % 41
   lv_811 = exists(lv_44, lv_809);   % 28
   lv_812 = and(lv_802, lv_789);   % 436
   lv_813 = support_vars(lv_812);   % 33
   lv_814 = exists(lv_88, lv_813);   % 39
   lv_815 = exists(lv_44, lv_813);   % 22
   lv_816 = and(lv_812, lv_796);   % 774
   lv_817 = support_vars(lv_816);   % 39
   lv_818 = exists(lv_88, lv_817);   % 35
   lv_819 = exists(lv_44, lv_817);   % 20
   trace_verbose_print("  Done initializing partitions...");
   trace_verbose_print("  Ordering/Clustering for Image computationd...");
   trace_verbose_print("    Ordering partitions...");
   lv_820 = and(true, lv_819);   % 20
   lv_821 = and(lv_820, lv_811);   % 30
   lv_822 = and(v44, true);   % 3
   lv_823 = and(v46, lv_822);   % 4
   lv_824 = and(v48, lv_823);   % 5
   lv_825 = and(v50, lv_824);   % 6
   lv_826 = and(v66, lv_825);   % 7
   lv_827 = and(v68, lv_826);   % 8
   lv_828 = and(v70, lv_827);   % 9
   lv_829 = and(v72, lv_828);   % 10
   lv_830 = and(v74, lv_829);   % 11
   lv_831 = and(v84, lv_830);   % 12
   lv_832 = and(v26, true);   % 3
   lv_833 = and(v28, lv_832);   % 4
   lv_834 = and(true, lv_811);   % 28
   lv_835 = and(v0, true);   % 3
   lv_836 = and(v2, lv_835);   % 4
   lv_837 = and(v4, lv_836);   % 5
   lv_838 = and(v6, lv_837);   % 6
   lv_839 = and(v8, lv_838);   % 7
   lv_840 = and(v18, lv_839);   % 8
   lv_841 = and(v20, lv_840);   % 9
   lv_842 = and(v22, lv_841);   % 10
   lv_843 = and(v24, lv_842);   % 11
   lv_844 = and(v26, lv_843);   % 12
   lv_845 = and(v28, lv_844);   % 13
   lv_846 = and(v30, lv_845);   % 14
   lv_847 = and(v40, lv_846);   % 15
   lv_848 = and(v42, lv_847);   % 16
   lv_849 = and(v52, lv_848);   % 17
   lv_850 = and(v62, lv_849);   % 18
   lv_851 = and(v64, lv_850);   % 19
   lv_852 = and(v86, lv_851);   % 20
   trace_verbose_print("    Done ordering partitions...");
   trace_verbose_print("    Clustering partitions...");
   lv_853 = and(lv_816, lv_808);   % 1247
   lv_854 = and(lv_831, lv_852);   % 30
   trace_verbose_print("    Done clustering partitions.");
   are_equal(lv_853, false);   % 0
   are_equal(lv_853, true);   % 0
   lv_855 = support_vars(lv_853);   % 46
   lv_856 = exists(lv_88, lv_855);   % 30
   lv_857 = exists(lv_44, lv_855);   % 18
   trace_verbose_print("  Initial merging...");
   trace_verbose_print("  Done initializing partitions...");
   trace_verbose_print("  Ordering/Clustering for PreImage computation...");
   trace_verbose_print("    Ordering partitions...");
   lv_858 = and(true, lv_856);   % 30
   lv_859 = and(v19, true);   % 3
   lv_860 = and(v23, lv_859);   % 4
   lv_861 = and(v25, lv_860);   % 5
   lv_862 = and(v27, lv_861);   % 6
   lv_863 = and(v29, lv_862);   % 7
   lv_864 = and(v41, lv_863);   % 8
   lv_865 = and(v45, lv_864);   % 9
   lv_866 = and(v47, lv_865);   % 10
   lv_867 = and(v49, lv_866);   % 11
   lv_868 = and(v51, lv_867);   % 12
   lv_869 = and(v63, lv_868);   % 13
   lv_870 = and(v67, lv_869);   % 14
   lv_871 = and(v69, lv_870);   % 15
   lv_872 = and(v71, lv_871);   % 16
   lv_873 = and(v73, lv_872);   % 17
   lv_874 = and(v85, lv_873);   % 18
   trace_verbose_print("    Done ordering partitions...");
   trace_verbose_print("    Clustering partitions...");
   trace_verbose_print("    Done clustering partitions.");
   lv_875 = and(true, true);   % 1
   lv_876 = restrict(lv_875, true);   % 1
   lv_877 = and(lv_876, lv_853);   % 1247
   lv_878 = restrict(lv_877, true);   % 1247
   trace_verbose_print("Done ordering and clustering partitions.");
   check_point_for_force_reordering(0);
   trace_verbose_print("Compute reachable...");
   are_equal(lv_98, false);   % 0
   lv_879 = and(lv_98, lv_733);   % 104
   lv_880 = rel_prod(lv_44, lv_878, lv_879);   % 23
   lv_881 = vars_next_to_curr(lv_880);   % 23
   lv_882 = or(lv_98, lv_881);   % 23
   lv_883 = not(lv_98);   % 12
   lv_884 = and(lv_882, lv_883);   % 20
   are_equal(lv_884, false);   % 0
   lv_885 = and(lv_884, lv_733);   % 270
   lv_886 = rel_prod(lv_44, lv_878, lv_885);   % 25
   lv_887 = vars_next_to_curr(lv_886);   % 25
   lv_888 = or(lv_882, lv_887);   % 25
   lv_889 = not(lv_882);   % 23
   lv_890 = and(lv_888, lv_889);   % 27
   are_equal(lv_890, false);   % 0
   lv_891 = and(lv_890, lv_733);   % 339
   lv_892 = rel_prod(lv_44, lv_878, lv_891);   % 75
   lv_893 = vars_next_to_curr(lv_892);   % 75
   lv_894 = or(lv_888, lv_893);   % 75
   lv_895 = not(lv_888);   % 25
   lv_896 = and(lv_894, lv_895);   % 69
   are_equal(lv_896, false);   % 0
   lv_897 = and(lv_896, lv_733);   % 702
   lv_898 = rel_prod(lv_44, lv_878, lv_897);   % 85
   lv_899 = vars_next_to_curr(lv_898);   % 85
   lv_900 = or(lv_894, lv_899);   % 86
   lv_901 = not(lv_894);   % 75
   lv_902 = and(lv_900, lv_901);   % 74
   are_equal(lv_902, false);   % 0
   lv_903 = and(lv_902, lv_733);   % 746
   lv_904 = rel_prod(lv_44, lv_878, lv_903);   % 93
   lv_905 = vars_next_to_curr(lv_904);   % 93
   lv_906 = or(lv_900, lv_905);   % 92
   lv_907 = not(lv_900);   % 86
   lv_908 = and(lv_906, lv_907);   % 49
   are_equal(lv_908, false);   % 0
   lv_909 = and(lv_908, lv_733);   % 502
   lv_910 = rel_prod(lv_44, lv_878, lv_909);   % 89
   lv_911 = vars_next_to_curr(lv_910);   % 89
   lv_912 = or(lv_906, lv_911);   % 99
   lv_913 = not(lv_906);   % 92
   lv_914 = and(lv_912, lv_913);   % 55
   are_equal(lv_914, false);   % 0
   lv_915 = and(lv_914, lv_733);   % 451
   lv_916 = rel_prod(lv_44, lv_878, lv_915);   % 81
   lv_917 = vars_next_to_curr(lv_916);   % 81
   lv_918 = or(lv_912, lv_917);   % 97
   lv_919 = not(lv_912);   % 99
   lv_920 = and(lv_918, lv_919);   % 40
   are_equal(lv_920, false);   % 0
   lv_921 = and(lv_920, lv_733);   % 312
   lv_922 = rel_prod(lv_44, lv_878, lv_921);   % 62
   lv_923 = vars_next_to_curr(lv_922);   % 62
   lv_924 = or(lv_918, lv_923);   % 97
   lv_925 = not(lv_918);   % 97
   lv_926 = and(lv_924, lv_925);   % 1
   are_equal(lv_926, false);   % 1
   trace_verbose_print("Done compute reachable.");
   trace_verbose_print("Compute fair states...");
   trace_verbose_print("  Compute EG...");
   lv_927 = and(true, true);   % 1
   lv_928 = and(lv_927, lv_733);   % 215
   lv_929 = vars_curr_to_next(lv_928);   % 215
   lv_930 = rel_prod(lv_88, lv_878, lv_929);   % 1
   lv_931 = and(lv_930, lv_924);   % 97
   lv_932 = and(lv_927, lv_931);   % 97
   are_equal(lv_932, true);   % 0
   lv_933 = and(lv_932, true);   % 97
   lv_934 = and(lv_933, lv_733);   % 1002
   lv_935 = vars_curr_to_next(lv_934);   % 1002
   lv_936 = rel_prod(lv_88, lv_878, lv_935);   % 2541
   lv_937 = and(lv_936, lv_924);   % 1114
   lv_938 = and(lv_933, lv_937);   % 1114
   are_equal(lv_938, lv_932);   % 0
   lv_939 = and(lv_938, true);   % 1114
   lv_940 = and(lv_939, lv_733);   % 1002
   lv_941 = vars_curr_to_next(lv_940);   % 1002
   lv_942 = rel_prod(lv_88, lv_878, lv_941);   % 2541
   lv_943 = and(lv_942, lv_924);   % 1114
   lv_944 = and(lv_939, lv_943);   % 1114
   are_equal(lv_944, lv_938);   % 1
   trace_verbose_print("  Done Computing EG.");
   trace_verbose_print("Done computing fair states.");
   trace_verbose_print("Checking spec...");
   trace_verbose_print("  Reconstruction 14...");
   lv_945 = ite(v24, false, true);   % 3
   lv_946 = ite(v22, lv_945, false);   % 4
   trace_verbose_print("  Done reconstruction 14.");
   trace_verbose_print("  Reconstruction 15...");
   lv_947 = ite(v24, true, false);   % 3
   lv_948 = ite(v22, lv_947, false);   % 4
   trace_verbose_print("  Done reconstruction 15.");
   lv_949 = or(lv_946, lv_948);   % 3
   trace_verbose_print("  Reconstruction 16...");
   lv_950 = ite(v18, true, false);   % 3
   trace_verbose_print("  Done reconstruction 16.");
   lv_951 = not(lv_950);   % 3
   lv_952 = and(lv_949, lv_951);   % 4
   lv_953 = and(lv_952, lv_944);   % 560
   lv_954 = and(lv_953, lv_924);   % 560
   are_equal(true, lv_952);   % 0
   trace_verbose_print("    Compute EU...");
   are_equal(lv_954, false);   % 0
   lv_955 = and(lv_954, lv_944);   % 560
   lv_956 = and(lv_955, lv_733);   % 559
   lv_957 = vars_curr_to_next(lv_956);   % 559
   lv_958 = rel_prod(lv_88, lv_878, lv_957);   % 1207
   lv_959 = and(lv_958, lv_924);   % 679
   lv_960 = and(true, lv_959);   % 679
   lv_961 = or(lv_954, lv_960);   % 742
   lv_962 = not(lv_954);   % 560
   lv_963 = and(lv_961, lv_962);   % 204
   are_equal(lv_963, false);   % 0
   lv_964 = and(lv_963, lv_944);   % 204
   lv_965 = and(lv_964, lv_733);   % 146
   lv_966 = vars_curr_to_next(lv_965);   % 146
   lv_967 = rel_prod(lv_88, lv_878, lv_966);   % 528
   lv_968 = and(lv_967, lv_924);   % 338
   lv_969 = and(true, lv_968);   % 338
   lv_970 = or(lv_961, lv_969);   % 948
   lv_971 = not(lv_961);   % 742
   lv_972 = and(lv_970, lv_971);   % 318
   are_equal(lv_972, false);   % 0
   lv_973 = and(lv_972, lv_944);   % 318
   lv_974 = and(lv_973, lv_733);   % 632
   lv_975 = vars_curr_to_next(lv_974);   % 632
   lv_976 = rel_prod(lv_88, lv_878, lv_975);   % 1320
   lv_977 = and(lv_976, lv_924);   % 827
   lv_978 = and(true, lv_977);   % 827
   lv_979 = or(lv_970, lv_978);   % 1221
   lv_980 = not(lv_970);   % 948
   lv_981 = and(lv_979, lv_980);   % 396
   are_equal(lv_981, false);   % 0
   lv_982 = and(lv_981, lv_944);   % 396
   lv_983 = and(lv_982, lv_733);   % 607
   lv_984 = vars_curr_to_next(lv_983);   % 607
   lv_985 = rel_prod(lv_88, lv_878, lv_984);   % 1395
   lv_986 = and(lv_985, lv_924);   % 982
   lv_987 = and(true, lv_986);   % 982
   lv_988 = or(lv_979, lv_987);   % 1188
   lv_989 = not(lv_979);   % 1221
   lv_990 = and(lv_988, lv_989);   % 476
   are_equal(lv_990, false);   % 0
   lv_991 = and(lv_990, lv_944);   % 476
   lv_992 = and(lv_991, lv_733);   % 895
   lv_993 = vars_curr_to_next(lv_992);   % 895
   lv_994 = rel_prod(lv_88, lv_878, lv_993);   % 1641
   lv_995 = and(lv_994, lv_924);   % 1049
   lv_996 = and(true, lv_995);   % 1049
   lv_997 = or(lv_988, lv_996);   % 1232
   lv_998 = not(lv_988);   % 1188
   lv_999 = and(lv_997, lv_998);   % 184
   are_equal(lv_999, false);   % 0
   lv_1000 = and(lv_999, lv_944);   % 184
   lv_1001 = and(lv_1000, lv_733);   % 281
   lv_1002 = vars_curr_to_next(lv_1001);   % 281
   lv_1003 = rel_prod(lv_88, lv_878, lv_1002);   % 348
   lv_1004 = and(lv_1003, lv_924);   % 319
   lv_1005 = and(true, lv_1004);   % 319
   lv_1006 = or(lv_997, lv_1005);   % 1114
   lv_1007 = not(lv_997);   % 1232
   lv_1008 = and(lv_1006, lv_1007);   % 170
   are_equal(lv_1008, false);   % 0
   lv_1009 = and(lv_1008, lv_944);   % 170
   lv_1010 = and(lv_1009, lv_733);   % 279
   lv_1011 = vars_curr_to_next(lv_1010);   % 279
   lv_1012 = rel_prod(lv_88, lv_878, lv_1011);   % 517
   lv_1013 = and(lv_1012, lv_924);   % 365
   lv_1014 = and(true, lv_1013);   % 365
   lv_1015 = or(lv_1006, lv_1014);   % 1114
   lv_1016 = not(lv_1006);   % 1114
   lv_1017 = and(lv_1015, lv_1016);   % 1
   are_equal(lv_1017, false);   % 1
   trace_verbose_print("    Done computing EU.");
   lv_1018 = not(lv_1015);   % 1114
   lv_1019 = and(lv_1018, lv_944);   % 1
   lv_1020 = and(lv_1019, lv_924);   % 1
   are_equal(true, lv_1018);   % 0
   trace_verbose_print("    Compute EU...");
   are_equal(lv_1020, false);   % 1
   trace_verbose_print("    Done computing EU.");
   lv_1021 = not(lv_1020);   % 1
   lv_1022 = not(lv_1021);   % 1
   lv_1023 = and(lv_733, lv_1022);   % 1
   lv_1024 = and(lv_98, lv_1023);   % 1
   are_equal(false, false);   % 1
   trace_verbose_print("Checking spec...");
   lv_1025 = not(lv_950);   % 3
   lv_1026 = and(lv_948, lv_1025);   % 5
   lv_1027 = and(lv_1026, lv_944);   % 275
   lv_1028 = and(lv_1027, lv_924);   % 275
   are_equal(true, lv_1026);   % 0
   trace_verbose_print("    Compute EU...");
   are_equal(lv_1028, false);   % 0
   lv_1029 = and(lv_1028, lv_944);   % 275
   lv_1030 = and(lv_1029, lv_733);   % 306
   lv_1031 = vars_curr_to_next(lv_1030);   % 306
   lv_1032 = rel_prod(lv_88, lv_878, lv_1031);   % 625
   lv_1033 = and(lv_1032, lv_924);   % 286
   lv_1034 = and(true, lv_1033);   % 286
   lv_1035 = or(lv_1028, lv_1034);   % 332
   lv_1036 = not(lv_1028);   % 275
   lv_1037 = and(lv_1035, lv_1036);   % 69
   are_equal(lv_1037, false);   % 0
   lv_1038 = and(lv_1037, lv_944);   % 69
   lv_1039 = and(lv_1038, lv_733);   % 97
   lv_1040 = vars_curr_to_next(lv_1039);   % 97
   lv_1041 = rel_prod(lv_88, lv_878, lv_1040);   % 262
   lv_1042 = and(lv_1041, lv_924);   % 191
   lv_1043 = and(true, lv_1042);   % 191
   lv_1044 = or(lv_1035, lv_1043);   % 479
   lv_1045 = not(lv_1035);   % 332
   lv_1046 = and(lv_1044, lv_1045);   % 180
   are_equal(lv_1046, false);   % 0
   lv_1047 = and(lv_1046, lv_944);   % 180
   lv_1048 = and(lv_1047, lv_733);   % 405
   lv_1049 = vars_curr_to_next(lv_1048);   % 405
   lv_1050 = rel_prod(lv_88, lv_878, lv_1049);   % 979
   lv_1051 = and(lv_1050, lv_924);   % 685
   lv_1052 = and(true, lv_1051);   % 685
   lv_1053 = or(lv_1044, lv_1052);   % 880
   lv_1054 = not(lv_1044);   % 479
   lv_1055 = and(lv_1053, lv_1054);   % 516
   are_equal(lv_1055, false);   % 0
   lv_1056 = and(lv_1055, lv_944);   % 516
   lv_1057 = and(lv_1056, lv_733);   % 673
   lv_1058 = vars_curr_to_next(lv_1057);   % 673
   lv_1059 = rel_prod(lv_88, lv_878, lv_1058);   % 1636
   lv_1060 = and(lv_1059, lv_924);   % 1045
   lv_1061 = and(true, lv_1060);   % 1045
   lv_1062 = or(lv_1053, lv_1061);   % 1127
   lv_1063 = not(lv_1053);   % 880
   lv_1064 = and(lv_1062, lv_1063);   % 782
   are_equal(lv_1064, false);   % 0
   lv_1065 = and(lv_1064, lv_944);   % 782
   lv_1066 = and(lv_1065, lv_733);   % 1166
   lv_1067 = vars_curr_to_next(lv_1066);   % 1166
   lv_1068 = rel_prod(lv_88, lv_878, lv_1067);   % 2309
   lv_1069 = and(lv_1068, lv_924);   % 1282
   lv_1070 = and(true, lv_1069);   % 1282
   lv_1071 = or(lv_1062, lv_1070);   % 1230
   lv_1072 = not(lv_1062);   % 1127
   lv_1073 = and(lv_1071, lv_1072);   % 480
   are_equal(lv_1073, false);   % 0
   lv_1074 = and(lv_1073, lv_944);   % 480
   lv_1075 = and(lv_1074, lv_733);   % 853
   lv_1076 = vars_curr_to_next(lv_1075);   % 853
   lv_1077 = rel_prod(lv_88, lv_878, lv_1076);   % 1607
   lv_1078 = and(lv_1077, lv_924);   % 871
   lv_1079 = and(true, lv_1078);   % 871
   lv_1080 = or(lv_1071, lv_1079);   % 1114
   lv_1081 = not(lv_1071);   % 1230
   lv_1082 = and(lv_1080, lv_1081);   % 196
   are_equal(lv_1082, false);   % 0
   lv_1083 = and(lv_1082, lv_944);   % 196
   lv_1084 = and(lv_1083, lv_733);   % 302
   lv_1085 = vars_curr_to_next(lv_1084);   % 302
   lv_1086 = rel_prod(lv_88, lv_878, lv_1085);   % 717
   lv_1087 = and(lv_1086, lv_924);   % 416
   lv_1088 = and(true, lv_1087);   % 416
   lv_1089 = or(lv_1080, lv_1088);   % 1114
   lv_1090 = not(lv_1080);   % 1114
   lv_1091 = and(lv_1089, lv_1090);   % 1
   are_equal(lv_1091, false);   % 1
   trace_verbose_print("    Done computing EU.");
   lv_1092 = not(lv_1089);   % 1114
   lv_1093 = and(lv_1092, lv_944);   % 1
   lv_1094 = and(lv_1093, lv_924);   % 1
   are_equal(true, lv_1092);   % 0
   trace_verbose_print("    Compute EU...");
   are_equal(lv_1094, false);   % 1
   trace_verbose_print("    Done computing EU.");
   lv_1095 = not(lv_1094);   % 1
   lv_1096 = not(lv_1095);   % 1
   lv_1097 = and(lv_733, lv_1096);   % 1
   lv_1098 = and(lv_98, lv_1097);   % 1
   are_equal(false, false);   % 1
   trace_verbose_print("Checking spec...");
   trace_verbose_print("  Reconstruction 17...");
   lv_1099 = ite(v40, true, false);   % 3
   trace_verbose_print("  Done reconstruction 17.");
   lv_1100 = not(lv_1099);   % 3
   trace_verbose_print("  Reconstruction 18...");
   lv_1101 = ite(v46, true, false);   % 3
   lv_1102 = ite(v44, lv_1101, false);   % 4
   trace_verbose_print("  Done reconstruction 18.");
   lv_1103 = and(lv_1102, lv_1100);   % 5
   lv_1104 = and(lv_1026, lv_1103);   % 8
   lv_1105 = not(lv_1104);   % 8
   lv_1106 = not(lv_1105);   % 8
   lv_1107 = and(lv_1106, lv_944);   % 1
   lv_1108 = and(lv_1107, lv_924);   % 1
   are_equal(true, lv_1106);   % 0
   trace_verbose_print("    Compute EU...");
   are_equal(lv_1108, false);   % 1
   trace_verbose_print("    Done computing EU.");
   lv_1109 = not(lv_1108);   % 1
   lv_1110 = not(lv_1109);   % 1
   lv_1111 = and(lv_733, lv_1110);   % 1
   lv_1112 = and(lv_98, lv_1111);   % 1
   are_equal(false, false);   % 1
ENDMODULE
